  w7.cpp
e:\visual studio projects\lab7oop345\lab7\datatable.h(97): warning C4244: 'initializing': conversion from 'unsigned int' to 'float', possible loss of data
  e:\visual studio projects\lab7oop345\lab7\datatable.h(87): note: while compiling class template member function 'void w7::DataTable<float>::regression(T &,T &) const'
          with
          [
              T=float
          ]
  e:\visual studio projects\lab7oop345\lab7\w7.cpp(34): note: see reference to function template instantiation 'void w7::DataTable<float>::regression(T &,T &) const' being compiled
          with
          [
              T=float
          ]
  e:\visual studio projects\lab7oop345\lab7\w7.cpp(28): note: see reference to class template instantiation 'w7::DataTable<float>' being compiled
e:\visual studio projects\lab7oop345\lab7\datatable.h(78): warning C4244: 'initializing': conversion from 'unsigned int' to 'float', possible loss of data
  e:\visual studio projects\lab7oop345\lab7\datatable.h(72): note: while compiling class template member function 'float w7::DataTable<float>::median(void) const'
  e:\visual studio projects\lab7oop345\lab7\w7.cpp(39): note: see reference to function template instantiation 'float w7::DataTable<float>::median(void) const' being compiled
e:\visual studio projects\lab7oop345\lab7\datatable.h(80): warning C4244: 'argument': conversion from 'float' to 'const unsigned int', possible loss of data
e:\visual studio projects\lab7oop345\lab7\datatable.h(57): warning C4244: 'initializing': conversion from 'unsigned int' to 'float', possible loss of data
  e:\visual studio projects\lab7oop345\lab7\datatable.h(53): note: while compiling class template member function 'float w7::DataTable<float>::sigma(void) const'
  e:\visual studio projects\lab7oop345\lab7\w7.cpp(39): note: see reference to function template instantiation 'float w7::DataTable<float>::sigma(void) const' being compiled
e:\visual studio projects\lab7oop345\lab7\datatable.h(59): warning C4244: 'argument': conversion from 'float' to 'const unsigned int', possible loss of data
e:\visual studio projects\lab7oop345\lab7\datatable.h(44): warning C4244: 'initializing': conversion from 'unsigned int' to 'float', possible loss of data
  e:\visual studio projects\lab7oop345\lab7\datatable.h(40): note: while compiling class template member function 'float w7::DataTable<float>::mean(void) const'
  e:\visual studio projects\lab7oop345\lab7\w7.cpp(39): note: see reference to function template instantiation 'float w7::DataTable<float>::mean(void) const' being compiled
e:\visual studio projects\lab7oop345\lab7\datatable.h(114): warning C4018: '<': signed/unsigned mismatch
  e:\visual studio projects\lab7oop345\lab7\datatable.h(108): note: while compiling class template member function 'void w7::DataTable<float>::display(std::ostream &) const'
  e:\visual studio projects\lab7oop345\lab7\datatable.h(125): note: see reference to function template instantiation 'void w7::DataTable<float>::display(std::ostream &) const' being compiled
  Lab7.vcxproj -> E:\Visual Studio Projects\Lab7OOP345\Lab7\Debug\Lab7.exe
